0 info it worked if it ends with ok
1 verbose cli [ '/usr/local/Cellar/node/5.1.0/bin/node',
1 verbose cli   '/usr/local/bin/npm',
1 verbose cli   'install',
1 verbose cli   'x-ray@1.7.2' ]
2 info using npm@3.3.12
3 info using node@v5.1.0
4 silly loadCurrentTree Starting
5 silly install loadCurrentTree
6 silly install readLocalPackageData
7 silly fetchPackageMetaData x-ray@1.7.2
8 silly fetchNamedPackageData x-ray
9 silly mapToRegistry name x-ray
10 silly mapToRegistry using default registry
11 silly mapToRegistry registry https://registry.npmjs.org/
12 silly mapToRegistry uri https://registry.npmjs.org/x-ray
13 verbose request uri https://registry.npmjs.org/x-ray
14 verbose request no auth needed
15 info attempt registry request try #1 at 9:13:35 AM
16 verbose request id b05ab1e1b46ffbd3
17 http request GET https://registry.npmjs.org/x-ray
18 http 200 https://registry.npmjs.org/x-ray
19 verbose headers { server: 'CouchDB/1.5.0 (Erlang OTP/R16B03)',
19 verbose headers   etag: '"E89AR7CI4G8DB5DJJGOQ3NM8X"',
19 verbose headers   'content-type': 'application/json',
19 verbose headers   'cache-control': 'max-age=300',
19 verbose headers   'content-length': '19982',
19 verbose headers   'accept-ranges': 'bytes',
19 verbose headers   date: 'Fri, 08 Jan 2016 08:13:34 GMT',
19 verbose headers   via: '1.1 varnish',
19 verbose headers   age: '0',
19 verbose headers   connection: 'keep-alive',
19 verbose headers   'x-served-by': 'cache-ams4124-AMS',
19 verbose headers   'x-cache': 'MISS',
19 verbose headers   'x-cache-hits': '0',
19 verbose headers   'x-timer': 'S1452240814.357045,VS0,VE458',
19 verbose headers   vary: 'Accept' }
20 silly get cb [ 200,
20 silly get   { server: 'CouchDB/1.5.0 (Erlang OTP/R16B03)',
20 silly get     etag: '"E89AR7CI4G8DB5DJJGOQ3NM8X"',
20 silly get     'content-type': 'application/json',
20 silly get     'cache-control': 'max-age=300',
20 silly get     'content-length': '19982',
20 silly get     'accept-ranges': 'bytes',
20 silly get     date: 'Fri, 08 Jan 2016 08:13:34 GMT',
20 silly get     via: '1.1 varnish',
20 silly get     age: '0',
20 silly get     connection: 'keep-alive',
20 silly get     'x-served-by': 'cache-ams4124-AMS',
20 silly get     'x-cache': 'MISS',
20 silly get     'x-cache-hits': '0',
20 silly get     'x-timer': 'S1452240814.357045,VS0,VE458',
20 silly get     vary: 'Accept' } ]
21 verbose get saving x-ray to /Users/mats/.npm/registry.npmjs.org/x-ray/.cache.json
22 silly fetchPackageMetaData Error: No compatible version found: x-ray@1.7.2
22 silly fetchPackageMetaData Valid install targets:
22 silly fetchPackageMetaData 2.0.3, 2.0.2, 2.0.1, 2.0.0, 1.0.5, 1.0.4, 1.0.3, 1.0.2, 1.0.1, 1.0.0, 0.0.1
22 silly fetchPackageMetaData
22 silly fetchPackageMetaData     at pickVersionFromRegistryDocument (/usr/local/lib/node_modules/npm/lib/fetch-package-metadata.js:156:16)
22 silly fetchPackageMetaData     at /usr/local/lib/node_modules/npm/node_modules/iferr/index.js:13:50
22 silly fetchPackageMetaData     at /usr/local/lib/node_modules/npm/lib/utils/pulse-till-done.js:19:8
22 silly fetchPackageMetaData     at saved (/usr/local/lib/node_modules/npm/lib/cache/caching-client.js:168:7)
22 silly fetchPackageMetaData     at /usr/local/lib/node_modules/npm/node_modules/graceful-fs/polyfills.js:210:7
22 silly fetchPackageMetaData     at FSReqWrap.oncomplete (fs.js:82:15)
22 silly fetchPackageMetaData  error for x-ray@1.7.2 [Error: No compatible version found: x-ray@1.7.2
22 silly fetchPackageMetaData Valid install targets:
22 silly fetchPackageMetaData 2.0.3, 2.0.2, 2.0.1, 2.0.0, 1.0.5, 1.0.4, 1.0.3, 1.0.2, 1.0.1, 1.0.0, 0.0.1
22 silly fetchPackageMetaData ]
23 silly rollbackFailedOptional Starting
24 silly rollbackFailedOptional Finishing
25 silly runTopLevelLifecycles Starting
26 silly runTopLevelLifecycles Finishing
27 silly install printInstalled
28 verbose stack Error: No compatible version found: x-ray@1.7.2
28 verbose stack Valid install targets:
28 verbose stack 2.0.3, 2.0.2, 2.0.1, 2.0.0, 1.0.5, 1.0.4, 1.0.3, 1.0.2, 1.0.1, 1.0.0, 0.0.1
28 verbose stack
28 verbose stack     at pickVersionFromRegistryDocument (/usr/local/lib/node_modules/npm/lib/fetch-package-metadata.js:156:16)
28 verbose stack     at /usr/local/lib/node_modules/npm/node_modules/iferr/index.js:13:50
28 verbose stack     at /usr/local/lib/node_modules/npm/lib/utils/pulse-till-done.js:19:8
28 verbose stack     at saved (/usr/local/lib/node_modules/npm/lib/cache/caching-client.js:168:7)
28 verbose stack     at /usr/local/lib/node_modules/npm/node_modules/graceful-fs/polyfills.js:210:7
28 verbose stack     at FSReqWrap.oncomplete (fs.js:82:15)
29 verbose cwd /Users/mats/OneDrive/Persoonlijk/Studie/Minor Programmeren/project
30 error Darwin 15.0.0
31 error argv "/usr/local/Cellar/node/5.1.0/bin/node" "/usr/local/bin/npm" "install" "x-ray@1.7.2"
32 error node v5.1.0
33 error npm  v3.3.12
34 error No compatible version found: x-ray@1.7.2
34 error Valid install targets:
34 error 2.0.3, 2.0.2, 2.0.1, 2.0.0, 1.0.5, 1.0.4, 1.0.3, 1.0.2, 1.0.1, 1.0.0, 0.0.1
35 error If you need help, you may report this error at:
35 error     <https://github.com/npm/npm/issues>
36 verbose exit [ 1, true ]
